<?xml version="1.0" encoding="UTF-8"?>
<!-- Generated by org.testng.reporters.JUnitXMLReporter -->
<testsuite ignored="2" hostname="LAPTOP-C4RVU5V1" failures="0" tests="3" name="Test1" time="4.957" errors="0" timestamp="2023-05-04T15:44:15 IST">
  <testcase classname="testClasses.LandingPageTestClass" name="verifyHealthInsuranceIconIsDisplayed" time="0.145"/>
  <testcase classname="testClasses.LandingPageTestClass" name="verifyHealthInsuranceIconText" time="0.609"/>
  <testcase classname="testClasses.LandingPageTestClass" name="verifyHealthInsuranceIconIsClickable" time="0.227"/>
  <testcase classname="testClasses.BaseClass" name="@BeforeTest openBrowser" time="0.0">
    <ignored/>
  </testcase> <!-- @BeforeTest openBrowser -->
  <testcase classname="testClasses.BaseClass" name="@AfterTest closeBrowser" time="0.0">
    <ignored/>
  </testcase> <!-- @AfterTest closeBrowser -->
</testsuite> <!-- Test1 -->
