<?xml version="1.0" encoding="UTF-8"?>
<testsuite xmlns:xsi="http://www.w3.org/2001/XMLSchema-instance" xsi:noNamespaceSchemaLocation="https://maven.apache.org/surefire/maven-surefire-plugin/xsd/surefire-test-report-3.0.xsd" version="3.0" name="TestSuite" time="40.588" tests="18" errors="0" skipped="0" failures="4">
  <properties>
[...]
</properties>
  <testcase name="verifyHealthInsuranceIconIsDisplayed" classname="testClasses.LandingPageTestClass" time="0.157">
    <system-out><![CDATA[initializing LandingPage Object......
Health Insurance Icon Displayed = true
]]></system-out>
    <system-err><![CDATA[SLF4J: Failed to load class "org.slf4j.impl.StaticLoggerBinder".
SLF4J: Defaulting to no-operation (NOP) logger implementation
SLF4J: See http://www.slf4j.org/codes.html#StaticLoggerBinder for further details.
ERROR StatusLogger Log4j2 could not find a logging implementation. Please add log4j-core to the classpath. Using SimpleLogger to log to the console...
Starting ChromeDriver 112.0.5615.49 (bd2a7bcb881c11e8cfe3078709382934e3916914-refs/branch-heads/5615@{#936}) on port 39780
Only local connections are allowed.
Please see https://chromedriver.chromium.org/security-considerations for suggestions on keeping ChromeDriver safe.
ChromeDriver was started successfully.
May 08, 2023 10:03:01 AM org.openqa.selenium.devtools.CdpVersionFinder findNearestMatch
WARNING: Unable to find an exact match for CDP version 112, so returning the closest version found: 109
]]></system-err>
  </testcase>
  <testcase name="verifyHealthInsuranceIconText" classname="testClasses.LandingPageTestClass" time="0.636">
    <system-out><![CDATA[Health
Insurance :: Health
Insurance
]]></system-out>
  </testcase>
  <testcase name="verifyHealthInsuranceIconIsClickable" classname="testClasses.LandingPageTestClass" time="7.35">
    <system-out><![CDATA[https://health.policybazaar.com/v2/proposer/1?utm_content=home_v12_newprequote :: https://health.policybazaar.com/v2/proposer/1?utm_content=home_v12_newprequote
]]></system-out>
  </testcase>
  <testcase name="moveToQuotePage1URL" classname="testClasses.LandingPageTestClass" time="1.485">
    <system-out><![CDATA[
]]></system-out>
  </testcase>
  <testcase name="verifyMaleCheckboxText" classname="testClasses.QuotesPage1TestClass" time="0.085">
    <system-out><![CDATA[initializing QuotesPage1 Object......
Male::Male
]]></system-out>
  </testcase>
  <testcase name="verifyFemaleCheckboxText" classname="testClasses.QuotesPage1TestClass" time="0.069">
    <system-out><![CDATA[Female::Female
]]></system-out>
  </testcase>
  <testcase name="verifyClickabilityOfFemaleCheckbox" classname="testClasses.QuotesPage1TestClass" time="0.107">
    <failure message="The following asserts failed:&#10;	Test Case was intentionally Failed, Check Screenshot Attached for respective Test Case" type="java.lang.AssertionError"><![CDATA[java.lang.AssertionError: 
The following asserts failed:
	Test Case was intentionally Failed, Check Screenshot Attached for respective Test Case
	at testClasses.QuotesPage1TestClass.verifyClickabilityOfFemaleCheckbox(QuotesPage1TestClass.java:52)
]]></failure>
  </testcase>
  <testcase name="verifyClickabilityOfMaleCheckbox" classname="testClasses.QuotesPage1TestClass" time="0.109">
    <failure message="The following asserts failed:&#10;	Test Case was intentionally Failed, Check Screenshot Attached for respective Test Case,&#10;	Test Case was intentionally Failed, Check Screenshot Attached for respective Test Case" type="java.lang.AssertionError"><![CDATA[java.lang.AssertionError: 
The following asserts failed:
	Test Case was intentionally Failed, Check Screenshot Attached for respective Test Case,
	Test Case was intentionally Failed, Check Screenshot Attached for respective Test Case
	at testClasses.QuotesPage1TestClass.verifyClickabilityOfMaleCheckbox(QuotesPage1TestClass.java:61)
]]></failure>
  </testcase>
  <testcase name="verifyTextOfYourFullNameLabel" classname="testClasses.QuotesPage1TestClass" time="0.063">
    <system-out><![CDATA[Your full name::Your full name
]]></system-out>
  </testcase>
  <testcase name="verifyYourFullNameLabelByPassingBlankText" classname="testClasses.QuotesPage1TestClass" time="0.207">
    <system-out><![CDATA[Full name is required::Full name is required
]]></system-out>
  </testcase>
  <testcase name="verifyYourFullNameLabelByPassingText" classname="testClasses.QuotesPage1TestClass" time="2.323">
    <system-out><![CDATA[https://health.policybazaar.com/v2/members/2?utm_content=home_v12_newprequote::https://health.policybazaar.com/v2/members/2?utm_content=home_v12_newprequote
]]></system-out>
  </testcase>
  <testcase name="verifyTextOfContinueButton" classname="testClasses.QuotesPage1TestClass" time="0.107">
    <system-out><![CDATA[Continue ›::Continue ›
]]></system-out>
  </testcase>
  <testcase name="verifyClickabilityOfContinueButton" classname="testClasses.QuotesPage1TestClass" time="3.029">
    <system-out><![CDATA[https://health.policybazaar.com/v2/members/2?utm_content=home_v12_newprequote  ::  https://health.policybazaar.com/v2/members/2?utm_content=home_v12_newprequote
]]></system-out>
  </testcase>
  <testcase name="veirifyPrivacyPolicyIsDisplayed" classname="testClasses.QuotesPage1TestClass" time="2.041">
    <system-out><![CDATA[Privacy Policy Icon Displayed = true
]]></system-out>
  </testcase>
  <testcase name="verifyClickabilityOfPrivacyPolicy" classname="testClasses.QuotesPage1TestClass" time="4.18">
    <failure message="expected [https://www.policybazaar.com/legal-and-admin-policies/] but found [https://health.policybazaar.com/v2/proposer/1?utm_content=home_v12_newprequote]" type="java.lang.AssertionError"><![CDATA[java.lang.AssertionError: expected [https://www.policybazaar.com/legal-and-admin-policies/] but found [https://health.policybazaar.com/v2/proposer/1?utm_content=home_v12_newprequote]
	at testClasses.QuotesPage1TestClass.verifyClickabilityOfPrivacyPolicy(QuotesPage1TestClass.java:137)
]]></failure>
    <system-out><![CDATA[https://health.policybazaar.com/v2/proposer/1?utm_content=home_v12_newprequote::https://www.policybazaar.com/legal-and-admin-policies/
]]></system-out>
  </testcase>
  <testcase name="verifyTermsOfUseIsDisplayed" classname="testClasses.QuotesPage1TestClass" time="2.078">
    <system-out><![CDATA[Terms of Use is Displayed = true
]]></system-out>
  </testcase>
  <testcase name="verifyClickabilityOfTermsOfUse" classname="testClasses.QuotesPage1TestClass" time="0.194">
    <failure message="The following asserts failed:&#10;	Test Case was intentionally Failed, Check Screenshot Attached for respective Test Case,&#10;	Test Case was intentionally Failed, Check Screenshot Attached for respective Test Case,&#10;	expected [https://www.policybazaar.com/legal-and-admin-policies/#termsofuse] but found [https://health.policybazaar.com/v2/proposer/1?utm_content=home_v12_newprequote]" type="java.lang.AssertionError"><![CDATA[java.lang.AssertionError: 
The following asserts failed:
	Test Case was intentionally Failed, Check Screenshot Attached for respective Test Case,
	Test Case was intentionally Failed, Check Screenshot Attached for respective Test Case,
	expected [https://www.policybazaar.com/legal-and-admin-policies/#termsofuse] but found [https://health.policybazaar.com/v2/proposer/1?utm_content=home_v12_newprequote]
	at testClasses.QuotesPage1TestClass.verifyClickabilityOfTermsOfUse(QuotesPage1TestClass.java:158)
]]></failure>
    <system-out><![CDATA[https://health.policybazaar.com/v2/proposer/1?utm_content=home_v12_newprequote  ::  https://www.policybazaar.com/legal-and-admin-policies/#termsofuse
]]></system-out>
  </testcase>
  <testcase name="navigateBackToQuotePage1URL" classname="testClasses.QuotesPage1TestClass" time="10.54">
    <system-err><![CDATA[Failed Test Case Priority No. =3, 4, 11, 13
]]></system-err>
  </testcase>
</testsuite>