<?xml version="1.0" encoding="UTF-8"?>
<testng-results ignored="2" total="5" passed="3" failed="0" skipped="0">
  <reporter-output>
  </reporter-output>
  <suite started-at="2023-05-06T11:19:41 IST" name="RegressionSuite" finished-at="2023-05-06T11:19:53 IST" duration-ms="12613">
    <groups>
    </groups>
    <test started-at="2023-05-06T11:19:41 IST" name="Test1" finished-at="2023-05-06T11:19:53 IST" duration-ms="12613">
      <class name="testClasses.BaseClass">
        <test-method is-config="true" signature="openBrowser(java.lang.String)[pri:0, instance:testClasses.BaseClass@5e0826e7]" started-at="2023-05-06T11:19:41 IST" name="openBrowser" finished-at="2023-05-06T11:19:45 IST" duration-ms="3929" status="PASS">
          <params>
            <param index="0">
              <value>
                <![CDATA[chrome]]>
              </value>
            </param>
          </params>
          <reporter-output>
          </reporter-output>
        </test-method> <!-- openBrowser -->
        <test-method is-config="true" signature="closeBrowser()[pri:0, instance:testClasses.BaseClass@5e0826e7]" started-at="2023-05-06T11:19:53 IST" name="closeBrowser" finished-at="2023-05-06T11:19:53 IST" duration-ms="194" status="PASS">
          <reporter-output>
          </reporter-output>
        </test-method> <!-- closeBrowser -->
      </class> <!-- testClasses.BaseClass -->
      <class name="testClasses.LandingPageTestClass">
        <test-method is-config="true" signature="initializingLandingPageObject()[pri:0, instance:testClasses.LandingPageTestClass@4fb61f4a]" started-at="2023-05-06T11:19:45 IST" name="initializingLandingPageObject" finished-at="2023-05-06T11:19:45 IST" duration-ms="18" status="PASS">
          <reporter-output>
          </reporter-output>
        </test-method> <!-- initializingLandingPageObject -->
        <test-method signature="verifyHealthInsuranceIconIsDisplayed()[pri:1, instance:testClasses.LandingPageTestClass@4fb61f4a]" started-at="2023-05-06T11:19:45 IST" name="verifyHealthInsuranceIconIsDisplayed" finished-at="2023-05-06T11:19:45 IST" duration-ms="90" status="PASS">
          <reporter-output>
          </reporter-output>
        </test-method> <!-- verifyHealthInsuranceIconIsDisplayed -->
        <test-method is-config="true" signature="capturesFailedScreenshots(org.testng.ITestResult)[pri:0, instance:testClasses.LandingPageTestClass@4fb61f4a]" started-at="2023-05-06T11:19:45 IST" name="capturesFailedScreenshots" finished-at="2023-05-06T11:19:45 IST" duration-ms="272" status="PASS">
          <params>
            <param index="0">
              <value>
                <![CDATA[[TestResult name=verifyHealthInsuranceIconIsDisplayed status=SUCCESS method=LandingPageTestClass.verifyHealthInsuranceIconIsDisplayed()[pri:1, instance:testClasses.LandingPageTestClass@4fb61f4a] output={null}]]]>
              </value>
            </param>
          </params>
          <reporter-output>
          </reporter-output>
        </test-method> <!-- capturesFailedScreenshots -->
        <test-method signature="verifyHealthInsuranceIconText()[pri:2, instance:testClasses.LandingPageTestClass@4fb61f4a]" started-at="2023-05-06T11:19:45 IST" name="verifyHealthInsuranceIconText" finished-at="2023-05-06T11:19:46 IST" duration-ms="674" status="PASS">
          <reporter-output>
          </reporter-output>
        </test-method> <!-- verifyHealthInsuranceIconText -->
        <test-method is-config="true" signature="capturesFailedScreenshots(org.testng.ITestResult)[pri:0, instance:testClasses.LandingPageTestClass@4fb61f4a]" started-at="2023-05-06T11:19:46 IST" name="capturesFailedScreenshots" finished-at="2023-05-06T11:19:46 IST" duration-ms="43" status="PASS">
          <params>
            <param index="0">
              <value>
                <![CDATA[[TestResult name=verifyHealthInsuranceIconText status=SUCCESS method=LandingPageTestClass.verifyHealthInsuranceIconText()[pri:2, instance:testClasses.LandingPageTestClass@4fb61f4a] output={null}]]]>
              </value>
            </param>
          </params>
          <reporter-output>
          </reporter-output>
        </test-method> <!-- capturesFailedScreenshots -->
        <test-method signature="verifyHealthInsuranceIconIsClickable()[pri:3, instance:testClasses.LandingPageTestClass@4fb61f4a]" started-at="2023-05-06T11:19:46 IST" name="verifyHealthInsuranceIconIsClickable" finished-at="2023-05-06T11:19:53 IST" duration-ms="7326" status="PASS">
          <reporter-output>
          </reporter-output>
        </test-method> <!-- verifyHealthInsuranceIconIsClickable -->
        <test-method is-config="true" signature="capturesFailedScreenshots(org.testng.ITestResult)[pri:0, instance:testClasses.LandingPageTestClass@4fb61f4a]" started-at="2023-05-06T11:19:53 IST" name="capturesFailedScreenshots" finished-at="2023-05-06T11:19:53 IST" duration-ms="37" status="PASS">
          <params>
            <param index="0">
              <value>
                <![CDATA[[TestResult name=verifyHealthInsuranceIconIsClickable status=SUCCESS method=LandingPageTestClass.verifyHealthInsuranceIconIsClickable()[pri:3, instance:testClasses.LandingPageTestClass@4fb61f4a] output={null}]]]>
              </value>
            </param>
          </params>
          <reporter-output>
          </reporter-output>
        </test-method> <!-- capturesFailedScreenshots -->
      </class> <!-- testClasses.LandingPageTestClass -->
    </test> <!-- Test1 -->
  </suite> <!-- RegressionSuite -->
</testng-results>
