<?xml version="1.0" encoding="UTF-8"?>
<!-- Generated by org.testng.reporters.JUnitXMLReporter -->
<testsuite ignored="2" hostname="LAPTOP-C4RVU5V1" failures="0" tests="3" name="Test1" time="12.613" errors="0" timestamp="2023-05-06T11:19:53 IST">
  <testcase classname="testClasses.LandingPageTestClass" name="verifyHealthInsuranceIconIsDisplayed" time="0.09"/>
  <testcase classname="testClasses.LandingPageTestClass" name="verifyHealthInsuranceIconText" time="0.674"/>
  <testcase classname="testClasses.LandingPageTestClass" name="verifyHealthInsuranceIconIsClickable" time="7.326"/>
  <testcase classname="testClasses.BaseClass" name="@AfterTest closeBrowser" time="0.0">
    <ignored/>
  </testcase> <!-- @AfterTest closeBrowser -->
  <testcase classname="testClasses.BaseClass" name="@BeforeTest openBrowser" time="0.0">
    <ignored/>
  </testcase> <!-- @BeforeTest openBrowser -->
</testsuite> <!-- Test1 -->
