<?xml version="1.0" encoding="UTF-8"?>
<testng-results ignored="2" total="5" passed="3" failed="0" skipped="0">
  <reporter-output>
  </reporter-output>
  <suite started-at="2023-05-04T15:44:10 IST" name="RegressionSuite" finished-at="2023-05-04T15:44:15 IST" duration-ms="4957">
    <groups>
    </groups>
    <test started-at="2023-05-04T15:44:10 IST" name="Test1" finished-at="2023-05-04T15:44:15 IST" duration-ms="4957">
      <class name="testClasses.BaseClass">
        <test-method is-config="true" signature="openBrowser(java.lang.String)[pri:0, instance:testClasses.BaseClass@3270d194]" started-at="2023-05-04T15:44:10 IST" name="openBrowser" finished-at="2023-05-04T15:44:13 IST" duration-ms="3391" status="PASS">
          <params>
            <param index="0">
              <value>
                <![CDATA[chrome]]>
              </value>
            </param>
          </params>
          <reporter-output>
          </reporter-output>
        </test-method> <!-- openBrowser -->
        <test-method is-config="true" signature="closeBrowser()[pri:0, instance:testClasses.BaseClass@3270d194]" started-at="2023-05-04T15:44:14 IST" name="closeBrowser" finished-at="2023-05-04T15:44:15 IST" duration-ms="201" status="PASS">
          <reporter-output>
          </reporter-output>
        </test-method> <!-- closeBrowser -->
      </class> <!-- testClasses.BaseClass -->
      <class name="testClasses.LandingPageTestClass">
        <test-method is-config="true" signature="initializingLandingPageObject()[pri:0, instance:testClasses.LandingPageTestClass@6771beb3]" started-at="2023-05-04T15:44:13 IST" name="initializingLandingPageObject" finished-at="2023-05-04T15:44:13 IST" duration-ms="20" status="PASS">
          <reporter-output>
          </reporter-output>
        </test-method> <!-- initializingLandingPageObject -->
        <test-method signature="verifyHealthInsuranceIconIsDisplayed()[pri:1, instance:testClasses.LandingPageTestClass@6771beb3]" started-at="2023-05-04T15:44:13 IST" name="verifyHealthInsuranceIconIsDisplayed" finished-at="2023-05-04T15:44:13 IST" duration-ms="145" status="PASS">
          <reporter-output>
          </reporter-output>
        </test-method> <!-- verifyHealthInsuranceIconIsDisplayed -->
        <test-method is-config="true" signature="capturesFailedScreenshots(org.testng.ITestResult)[pri:0, instance:testClasses.LandingPageTestClass@6771beb3]" started-at="2023-05-04T15:44:13 IST" name="capturesFailedScreenshots" finished-at="2023-05-04T15:44:14 IST" duration-ms="232" status="PASS">
          <params>
            <param index="0">
              <value>
                <![CDATA[[TestResult name=verifyHealthInsuranceIconIsDisplayed status=SUCCESS method=LandingPageTestClass.verifyHealthInsuranceIconIsDisplayed()[pri:1, instance:testClasses.LandingPageTestClass@6771beb3] output={null}]]]>
              </value>
            </param>
          </params>
          <reporter-output>
          </reporter-output>
        </test-method> <!-- capturesFailedScreenshots -->
        <test-method signature="verifyHealthInsuranceIconText()[pri:2, instance:testClasses.LandingPageTestClass@6771beb3]" started-at="2023-05-04T15:44:14 IST" name="verifyHealthInsuranceIconText" finished-at="2023-05-04T15:44:14 IST" duration-ms="609" status="PASS">
          <reporter-output>
          </reporter-output>
        </test-method> <!-- verifyHealthInsuranceIconText -->
        <test-method is-config="true" signature="capturesFailedScreenshots(org.testng.ITestResult)[pri:0, instance:testClasses.LandingPageTestClass@6771beb3]" started-at="2023-05-04T15:44:14 IST" name="capturesFailedScreenshots" finished-at="2023-05-04T15:44:14 IST" duration-ms="45" status="PASS">
          <params>
            <param index="0">
              <value>
                <![CDATA[[TestResult name=verifyHealthInsuranceIconText status=SUCCESS method=LandingPageTestClass.verifyHealthInsuranceIconText()[pri:2, instance:testClasses.LandingPageTestClass@6771beb3] output={null}]]]>
              </value>
            </param>
          </params>
          <reporter-output>
          </reporter-output>
        </test-method> <!-- capturesFailedScreenshots -->
        <test-method signature="verifyHealthInsuranceIconIsClickable()[pri:3, instance:testClasses.LandingPageTestClass@6771beb3]" started-at="2023-05-04T15:44:14 IST" name="verifyHealthInsuranceIconIsClickable" finished-at="2023-05-04T15:44:14 IST" duration-ms="227" status="PASS">
          <reporter-output>
          </reporter-output>
        </test-method> <!-- verifyHealthInsuranceIconIsClickable -->
        <test-method is-config="true" signature="capturesFailedScreenshots(org.testng.ITestResult)[pri:0, instance:testClasses.LandingPageTestClass@6771beb3]" started-at="2023-05-04T15:44:14 IST" name="capturesFailedScreenshots" finished-at="2023-05-04T15:44:14 IST" duration-ms="46" status="PASS">
          <params>
            <param index="0">
              <value>
                <![CDATA[[TestResult name=verifyHealthInsuranceIconIsClickable status=SUCCESS method=LandingPageTestClass.verifyHealthInsuranceIconIsClickable()[pri:3, instance:testClasses.LandingPageTestClass@6771beb3] output={null}]]]>
              </value>
            </param>
          </params>
          <reporter-output>
          </reporter-output>
        </test-method> <!-- capturesFailedScreenshots -->
      </class> <!-- testClasses.LandingPageTestClass -->
    </test> <!-- Test1 -->
  </suite> <!-- RegressionSuite -->
</testng-results>
